# JRE version: OpenJDK Runtime Environment (8.0_212-b03) (build 1.8.0_212-8u212-b03-0ubuntu1.18.04.1-b03)
# Java VM: OpenJDK 64-Bit Server VM (25.212-b03 mixed mode linux-amd64 compressed oops)
Heap:
 PSYoungGen      total 305664K, used 73096K [0x00000000eab00000, 0x0000000100000000, 0x0000000100000000)
  eden space 262144K, 27% used [0x00000000eab00000,0x00000000ef262048,0x00000000fab00000)
  from space 43520K, 0% used [0x00000000fab00000,0x00000000fab00000,0x00000000fd580000)
  to   space 43520K, 0% used [0x00000000fd580000,0x00000000fd580000,0x0000000100000000)
 ParOldGen       total 699392K, used 68432K [0x00000000c0000000, 0x00000000eab00000, 0x00000000eab00000)
  object space 699392K, 9% used [0x00000000c0000000,0x00000000c42d4168,0x00000000eab00000)
 Metaspace       used 100371K, capacity 110290K, committed 110548K, reserved 1144832K
  class space    used 14425K, capacity 14986K, committed 15060K, reserved 1048576K
GC Heap History (10 events):
Event: 5.252 GC heap before
{Heap before GC invocations=9 (full 4):
 PSYoungGen      total 305664K, used 6193K [0x00000000eab00000, 0x0000000100000000, 0x0000000100000000)
  eden space 262144K, 2% used [0x00000000eab00000,0x00000000eb10c570,0x00000000fab00000)
  from space 43520K, 0% used [0x00000000fd580000,0x00000000fd580000,0x0000000100000000)
  to   space 43520K, 0% used [0x00000000fab00000,0x00000000fab00000,0x00000000fd580000)
 ParOldGen       total 699392K, used 19725K [0x00000000c0000000, 0x00000000eab00000, 0x00000000eab00000)
  object space 699392K, 2% used [0x00000000c0000000,0x00000000c1343490,0x00000000eab00000)
 Metaspace       used 54017K, capacity 60762K, committed 60952K, reserved 1101824K
  class space    used 7970K, capacity 8392K, committed 8472K, reserved 1048576K
Event: 5.253 GC heap after
Heap after GC invocations=9 (full 4):
 PSYoungGen      total 305664K, used 64K [0x00000000eab00000, 0x0000000100000000, 0x0000000100000000)
  eden space 262144K, 0% used [0x00000000eab00000,0x00000000eab00000,0x00000000fab00000)
  from space 43520K, 0% used [0x00000000fab00000,0x00000000fab10000,0x00000000fd580000)
  to   space 43520K, 0% used [0x00000000fd580000,0x00000000fd580000,0x0000000100000000)
 ParOldGen       total 699392K, used 19725K [0x00000000c0000000, 0x00000000eab00000, 0x00000000eab00000)
  object space 699392K, 2% used [0x00000000c0000000,0x00000000c1343490,0x00000000eab00000)
 Metaspace       used 54017K, capacity 60762K, committed 60952K, reserved 1101824K
  class space    used 7970K, capacity 8392K, committed 8472K, reserved 1048576K
}
Event: 5.253 GC heap before
{Heap before GC invocations=10 (full 5):
 PSYoungGen      total 305664K, used 64K [0x00000000eab00000, 0x0000000100000000, 0x0000000100000000)
  eden space 262144K, 0% used [0x00000000eab00000,0x00000000eab00000,0x00000000fab00000)
  from space 43520K, 0% used [0x00000000fab00000,0x00000000fab10000,0x00000000fd580000)
  to   space 43520K, 0% used [0x00000000fd580000,0x00000000fd580000,0x0000000100000000)
 ParOldGen       total 699392K, used 19725K [0x00000000c0000000, 0x00000000eab00000, 0x00000000eab00000)
  object space 699392K, 2% used [0x00000000c0000000,0x00000000c1343490,0x00000000eab00000)
 Metaspace       used 54017K, capacity 60762K, committed 60952K, reserved 1101824K
  class space    used 7970K, capacity 8392K, committed 8472K, reserved 1048576K
Event: 5.314 GC heap after
Heap after GC invocations=10 (full 5):
 PSYoungGen      total 305664K, used 0K [0x00000000eab00000, 0x0000000100000000, 0x0000000100000000)
  eden space 262144K, 0% used [0x00000000eab00000,0x00000000eab00000,0x00000000fab00000)
  from space 43520K, 0% used [0x00000000fab00000,0x00000000fab00000,0x00000000fd580000)
  to   space 43520K, 0% used [0x00000000fd580000,0x00000000fd580000,0x0000000100000000)
 ParOldGen       total 699392K, used 18740K [0x00000000c0000000, 0x00000000eab00000, 0x00000000eab00000)
  object space 699392K, 2% used [0x00000000c0000000,0x00000000c124d168,0x00000000eab00000)
 Metaspace       used 54017K, capacity 60762K, committed 60952K, reserved 1101824K
  class space    used 7970K, capacity 8392K, committed 8472K, reserved 1048576K
}
Event: 7.544 GC heap before
{Heap before GC invocations=11 (full 5):
 PSYoungGen      total 305664K, used 262144K [0x00000000eab00000, 0x0000000100000000, 0x0000000100000000)
  eden space 262144K, 100% used [0x00000000eab00000,0x00000000fab00000,0x00000000fab00000)
  from space 43520K, 0% used [0x00000000fab00000,0x00000000fab00000,0x00000000fd580000)
  to   space 43520K, 0% used [0x00000000fd580000,0x00000000fd580000,0x0000000100000000)
 ParOldGen       total 699392K, used 18740K [0x00000000c0000000, 0x00000000eab00000, 0x00000000eab00000)
  object space 699392K, 2% used [0x00000000c0000000,0x00000000c124d168,0x00000000eab00000)
 Metaspace       used 82433K, capacity 91287K, committed 91416K, reserved 1128448K
  class space    used 11756K, capacity 12282K, committed 12312K, reserved 1048576K
Event: 7.574 GC heap after
Heap after GC invocations=11 (full 5):
 PSYoungGen      total 305664K, used 43492K [0x00000000eab00000, 0x0000000100000000, 0x0000000100000000)
  eden space 262144K, 0% used [0x00000000eab00000,0x00000000eab00000,0x00000000fab00000)
  from space 43520K, 99% used [0x00000000fd580000,0x00000000ffff92a0,0x0000000100000000)
  to   space 43520K, 0% used [0x00000000fab00000,0x00000000fab00000,0x00000000fd580000)
 ParOldGen       total 699392K, used 32364K [0x00000000c0000000, 0x00000000eab00000, 0x00000000eab00000)
  object space 699392K, 4% used [0x00000000c0000000,0x00000000c1f9b278,0x00000000eab00000)
 Metaspace       used 82433K, capacity 91287K, committed 91416K, reserved 1128448K
  class space    used 11756K, capacity 12282K, committed 12312K, reserved 1048576K
}
Event: 8.515 GC heap before
{Heap before GC invocations=12 (full 5):
 PSYoungGen      total 305664K, used 99222K [0x00000000eab00000, 0x0000000100000000, 0x0000000100000000)
  eden space 262144K, 21% used [0x00000000eab00000,0x00000000ee16c838,0x00000000fab00000)
  from space 43520K, 99% used [0x00000000fd580000,0x00000000ffff92a0,0x0000000100000000)
  to   space 43520K, 0% used [0x00000000fab00000,0x00000000fab00000,0x00000000fd580000)
 ParOldGen       total 699392K, used 32364K [0x00000000c0000000, 0x00000000eab00000, 0x00000000eab00000)
  object space 699392K, 4% used [0x00000000c0000000,0x00000000c1f9b278,0x00000000eab00000)
 Metaspace       used 92576K, capacity 101384K, committed 101588K, reserved 1136640K
  class space    used 13231K, capacity 13724K, committed 13780K, reserved 1048576K
Event: 8.543 GC heap after
Heap after GC invocations=12 (full 5):
 PSYoungGen      total 305664K, used 43490K [0x00000000eab00000, 0x0000000100000000, 0x0000000100000000)
  eden space 262144K, 0% used [0x00000000eab00000,0x00000000eab00000,0x00000000fab00000)
  from space 43520K, 99% used [0x00000000fab00000,0x00000000fd578af0,0x00000000fd580000)
  to   space 43520K, 0% used [0x00000000fd580000,0x00000000fd580000,0x0000000100000000)
 ParOldGen       total 699392K, used 39394K [0x00000000c0000000, 0x00000000eab00000, 0x00000000eab00000)
  object space 699392K, 5% used [0x00000000c0000000,0x00000000c2678980,0x00000000eab00000)
 Metaspace       used 92576K, capacity 101384K, committed 101588K, reserved 1136640K
  class space    used 13231K, capacity 13724K, committed 13780K, reserved 1048576K
}
Event: 8.543 GC heap before
{Heap before GC invocations=13 (full 6):
 PSYoungGen      total 305664K, used 43490K [0x00000000eab00000, 0x0000000100000000, 0x0000000100000000)
  eden space 262144K, 0% used [0x00000000eab00000,0x00000000eab00000,0x00000000fab00000)
  from space 43520K, 99% used [0x00000000fab00000,0x00000000fd578af0,0x00000000fd580000)
  to   space 43520K, 0% used [0x00000000fd580000,0x00000000fd580000,0x0000000100000000)
 ParOldGen       total 699392K, used 39394K [0x00000000c0000000, 0x00000000eab00000, 0x00000000eab00000)
  object space 699392K, 5% used [0x00000000c0000000,0x00000000c2678980,0x00000000eab00000)
 Metaspace       used 92576K, capacity 101384K, committed 101588K, reserved 1136640K
  class space    used 13231K, capacity 13724K, committed 13780K, reserved 1048576K
Event: 8.690 GC heap after
Heap after GC invocations=13 (full 6):
 PSYoungGen      total 305664K, used 0K [0x00000000eab00000, 0x0000000100000000, 0x0000000100000000)
  eden space 262144K, 0% used [0x00000000eab00000,0x00000000eab00000,0x00000000fab00000)
  from space 43520K, 0% used [0x00000000fab00000,0x00000000fab00000,0x00000000fd580000)
  to   space 43520K, 0% used [0x00000000fd580000,0x00000000fd580000,0x0000000100000000)
 ParOldGen       total 699392K, used 68432K [0x00000000c0000000, 0x00000000eab00000, 0x00000000eab00000)
  object space 699392K, 9% used [0x00000000c0000000,0x00000000c42d4168,0x00000000eab00000)
 Metaspace       used 92576K, capacity 101384K, committed 101588K, reserved 1136640K
  class space    used 13231K, capacity 13724K, committed 13780K, reserved 1048576K
}

